C:\xampp\htdocs\VS_PHP\Obeso-Medical-Clinic-Management-System\Obeso-Clinic-Management-System\python_ai\model_util.py:105: UserWarning: pandas only supports SQLAlchemy connectable (engine/connection) or database string URI or sqlite3 DBAPI2 connection. Other DBAPI2 objects are not tested. Please consider using SQLAlchemy.
  df = pd.read_sql(query, conn)
C:\xampp\htdocs\VS_PHP\Obeso-Medical-Clinic-Management-System\Obeso-Clinic-Management-System\python_ai\model_util.py:183: UserWarning: pandas only supports SQLAlchemy connectable (engine/connection) or database string URI or sqlite3 DBAPI2 connection. Other DBAPI2 objects are not tested. Please consider using SQLAlchemy.
  past_df = pd.read_sql(
C:\xampp\htdocs\VS_PHP\Obeso-Medical-Clinic-Management-System\Obeso-Clinic-Management-System\python_ai\model_util.py:183: UserWarning: pandas only supports SQLAlchemy connectable (engine/connection) or database string URI or sqlite3 DBAPI2 connection. Other DBAPI2 objects are not tested. Please consider using SQLAlchemy.
  past_df = pd.read_sql(
C:\xampp\htdocs\VS_PHP\Obeso-Medical-Clinic-Management-System\Obeso-Clinic-Management-System\python_ai\model_util.py:183: UserWarning: pandas only supports SQLAlchemy connectable (engine/connection) or database string URI or sqlite3 DBAPI2 connection. Other DBAPI2 objects are not tested. Please consider using SQLAlchemy.
  past_df = pd.read_sql(
C:\xampp\htdocs\VS_PHP\Obeso-Medical-Clinic-Management-System\Obeso-Clinic-Management-System\python_ai\model_util.py:183: UserWarning: pandas only supports SQLAlchemy connectable (engine/connection) or database string URI or sqlite3 DBAPI2 connection. Other DBAPI2 objects are not tested. Please consider using SQLAlchemy.
  past_df = pd.read_sql(
C:\xampp\htdocs\VS_PHP\Obeso-Medical-Clinic-Management-System\Obeso-Clinic-Management-System\python_ai\model_util.py:183: UserWarning: pandas only supports SQLAlchemy connectable (engine/connection) or database string URI or sqlite3 DBAPI2 connection. Other DBAPI2 objects are not tested. Please consider using SQLAlchemy.
  past_df = pd.read_sql(
C:\xampp\htdocs\VS_PHP\Obeso-Medical-Clinic-Management-System\Obeso-Clinic-Management-System\python_ai\model_util.py:183: UserWarning: pandas only supports SQLAlchemy connectable (engine/connection) or database string URI or sqlite3 DBAPI2 connection. Other DBAPI2 objects are not tested. Please consider using SQLAlchemy.
  past_df = pd.read_sql(
C:\xampp\htdocs\VS_PHP\Obeso-Medical-Clinic-Management-System\Obeso-Clinic-Management-System\python_ai\model_util.py:183: UserWarning: pandas only supports SQLAlchemy connectable (engine/connection) or database string URI or sqlite3 DBAPI2 connection. Other DBAPI2 objects are not tested. Please consider using SQLAlchemy.
  past_df = pd.read_sql(
C:\xampp\htdocs\VS_PHP\Obeso-Medical-Clinic-Management-System\Obeso-Clinic-Management-System\python_ai\model_util.py:183: UserWarning: pandas only supports SQLAlchemy connectable (engine/connection) or database string URI or sqlite3 DBAPI2 connection. Other DBAPI2 objects are not tested. Please consider using SQLAlchemy.
  past_df = pd.read_sql(
 * Serving Flask app 'app'
 * Debug mode: off
INFO:werkzeug:[31m[1mWARNING: This is a development server. Do not use it in a production deployment. Use a production WSGI server instead.[0m
 * Running on http://127.0.0.1:8000
INFO:werkzeug:[33mPress CTRL+C to quit[0m
